<?xml version="1.0" encoding="UTF-8" standalone="no"?>
<!DOCTYPE log SYSTEM "logger.dtd">
<log>
<record>
  <date>2019-04-04T17:28:32</date>
  <millis>1554379112186</millis>
  <sequence>0</sequence>
  <level>START</level>
  <class>com.kms.katalon.core.logging.XmlKeywordLogger</class>
  <method>startSuite</method>
  <thread>1</thread>
  <message>Start Test Suite : Test Suites/Get Organization List</message>
  <nestedLevel>0</nestedLevel>
  <property name="name">Get Organization List</property>
  <property name="description"></property>
  <property name="id">Test Suites/Get Organization List</property>
</record>
<record>
  <date>2019-04-04T17:28:32</date>
  <millis>1554379112215</millis>
  <sequence>1</sequence>
  <level>RUN_DATA</level>
  <class>com.kms.katalon.core.logging.XmlKeywordLogger</class>
  <method>logMessage</method>
  <thread>1</thread>
  <message>hostName = srishty.rawat - CYG188.cybergindia.local</message>
  <nestedLevel>0</nestedLevel>
  <property name="hostName">srishty.rawat - CYG188.cybergindia.local</property>
</record>
<record>
  <date>2019-04-04T17:28:32</date>
  <millis>1554379112217</millis>
  <sequence>2</sequence>
  <level>RUN_DATA</level>
  <class>com.kms.katalon.core.logging.XmlKeywordLogger</class>
  <method>logMessage</method>
  <thread>1</thread>
  <message>os = Windows 10 64bit</message>
  <nestedLevel>0</nestedLevel>
  <property name="os">Windows 10 64bit</property>
</record>
<record>
  <date>2019-04-04T17:28:32</date>
  <millis>1554379112218</millis>
  <sequence>3</sequence>
  <level>RUN_DATA</level>
  <class>com.kms.katalon.core.logging.XmlKeywordLogger</class>
  <method>logMessage</method>
  <thread>1</thread>
  <message>hostAddress = 172.25.123.190</message>
  <nestedLevel>0</nestedLevel>
  <property name="hostAddress">172.25.123.190</property>
</record>
<record>
  <date>2019-04-04T17:28:32</date>
  <millis>1554379112220</millis>
  <sequence>4</sequence>
  <level>RUN_DATA</level>
  <class>com.kms.katalon.core.logging.XmlKeywordLogger</class>
  <method>logMessage</method>
  <thread>1</thread>
  <message>katalonVersion = 6.1.0.1</message>
  <nestedLevel>0</nestedLevel>
  <property name="katalonVersion">6.1.0.1</property>
</record>
<record>
  <date>2019-04-04T17:28:32</date>
  <millis>1554379112666</millis>
  <sequence>5</sequence>
  <level>START</level>
  <class>com.kms.katalon.core.logging.XmlKeywordLogger</class>
  <method>startTest</method>
  <thread>1</thread>
  <message>Start Test Case : Test Cases/API Test/Get Organization List/Succeed With Auth</message>
  <nestedLevel>1</nestedLevel>
  <property name="name">Test Cases/API Test/Get Organization List/Succeed With Auth</property>
  <property name="description"></property>
  <property name="id">Test Cases/API Test/Get Organization List/Succeed With Auth</property>
  <property name="source">C:\\Users\\srishty.rawat\\Desktop\\Default.Web\\Test Cases\\API Test\\Get Organization List\\Succeed With Auth.tc</property>
  <property name="isOptional">false</property>
</record>
<record>
  <date>2019-04-04T17:28:33</date>
  <millis>1554379113375</millis>
  <sequence>7</sequence>
  <level>START</level>
  <class>com.kms.katalon.core.logging.XmlKeywordLogger</class>
  <method>startKeyword</method>
  <thread>1</thread>
  <message>Start action : signInRequest = findTestObject(\&amp;quot;Object Repository/Auth/Sign In\&amp;quot;)</message>
  <nestedLevel>1</nestedLevel>
  <property name="startLine">11</property>
  <property name="stepIndex">1</property>
</record>
<record>
  <date>2019-04-04T17:28:33</date>
  <millis>1554379113454</millis>
  <sequence>9</sequence>
  <level>END</level>
  <class>com.kms.katalon.core.logging.XmlKeywordLogger</class>
  <method>endKeyword</method>
  <thread>1</thread>
  <message>End action : signInRequest = findTestObject(\&amp;quot;Object Repository/Auth/Sign In\&amp;quot;)</message>
  <nestedLevel>1</nestedLevel>
</record>
<record>
  <date>2019-04-04T17:28:33</date>
  <millis>1554379113454</millis>
  <sequence>10</sequence>
  <level>START</level>
  <class>com.kms.katalon.core.logging.XmlKeywordLogger</class>
  <method>startKeyword</method>
  <thread>1</thread>
  <message>Start action : signInResponse = sendRequest(signInRequest)</message>
  <nestedLevel>1</nestedLevel>
  <property name="startLine">13</property>
  <property name="stepIndex">2</property>
</record>
<record>
  <date>2019-04-04T17:28:37</date>
  <millis>1554379117163</millis>
  <sequence>13</sequence>
  <level>INFO</level>
  <class>com.kms.katalon.core.logging.XmlKeywordLogger</class>
  <method>logMessage</method>
  <thread>1</thread>
  <message>HAR: C:\\Users\\srishty.rawat\\Desktop\\Default.Web\\Reports\\Get Organization List\\20190404_172827\\requests\\main\\0.har</message>
  <nestedLevel>1</nestedLevel>
  <property name="harId">2621c046-adf3-4eb4-bc34-5e39eb3e9299</property>
</record>
<record>
  <date>2019-04-04T17:28:37</date>
  <millis>1554379117362</millis>
  <sequence>14</sequence>
  <level>PASSED</level>
  <class>com.kms.katalon.core.logging.XmlKeywordLogger</class>
  <method>logMessage</method>
  <thread>1</thread>
  <message>Send request successfully</message>
  <nestedLevel>1</nestedLevel>
</record>
<record>
  <date>2019-04-04T17:28:37</date>
  <millis>1554379117363</millis>
  <sequence>15</sequence>
  <level>END</level>
  <class>com.kms.katalon.core.logging.XmlKeywordLogger</class>
  <method>endKeyword</method>
  <thread>1</thread>
  <message>End action : signInResponse = sendRequest(signInRequest)</message>
  <nestedLevel>1</nestedLevel>
</record>
<record>
  <date>2019-04-04T17:28:37</date>
  <millis>1554379117364</millis>
  <sequence>16</sequence>
  <level>START</level>
  <class>com.kms.katalon.core.logging.XmlKeywordLogger</class>
  <method>startKeyword</method>
  <thread>1</thread>
  <message>Start action : request = findTestObject(\&amp;quot;Object Repository/Org Admin/Get Organization List\&amp;quot;)</message>
  <nestedLevel>1</nestedLevel>
  <property name="startLine">15</property>
  <property name="stepIndex">3</property>
</record>
<record>
  <date>2019-04-04T17:28:37</date>
  <millis>1554379117371</millis>
  <sequence>18</sequence>
  <level>END</level>
  <class>com.kms.katalon.core.logging.XmlKeywordLogger</class>
  <method>endKeyword</method>
  <thread>1</thread>
  <message>End action : request = findTestObject(\&amp;quot;Object Repository/Org Admin/Get Organization List\&amp;quot;)</message>
  <nestedLevel>1</nestedLevel>
</record>
<record>
  <date>2019-04-04T17:28:37</date>
  <millis>1554379117376</millis>
  <sequence>19</sequence>
  <level>START</level>
  <class>com.kms.katalon.core.logging.XmlKeywordLogger</class>
  <method>startKeyword</method>
  <thread>1</thread>
  <message>Start action : jsonSlurper = new groovy.json.JsonSlurper()</message>
  <nestedLevel>1</nestedLevel>
  <property name="startLine">17</property>
  <property name="stepIndex">4</property>
</record>
<record>
  <date>2019-04-04T17:28:37</date>
  <millis>1554379117385</millis>
  <sequence>20</sequence>
  <level>END</level>
  <class>com.kms.katalon.core.logging.XmlKeywordLogger</class>
  <method>endKeyword</method>
  <thread>1</thread>
  <message>End action : jsonSlurper = new groovy.json.JsonSlurper()</message>
  <nestedLevel>1</nestedLevel>
</record>
<record>
  <date>2019-04-04T17:28:37</date>
  <millis>1554379117386</millis>
  <sequence>21</sequence>
  <level>START</level>
  <class>com.kms.katalon.core.logging.XmlKeywordLogger</class>
  <method>startKeyword</method>
  <thread>1</thread>
  <message>Start action : signInResponseBody = jsonSlurper.parseText(signInResponse.getResponseBodyContent())</message>
  <nestedLevel>1</nestedLevel>
  <property name="startLine">19</property>
  <property name="stepIndex">5</property>
</record>
<record>
  <date>2019-04-04T17:28:37</date>
  <millis>1554379117441</millis>
  <sequence>22</sequence>
  <level>END</level>
  <class>com.kms.katalon.core.logging.XmlKeywordLogger</class>
  <method>endKeyword</method>
  <thread>1</thread>
  <message>End action : signInResponseBody = jsonSlurper.parseText(signInResponse.getResponseBodyContent())</message>
  <nestedLevel>1</nestedLevel>
</record>
<record>
  <date>2019-04-04T17:28:37</date>
  <millis>1554379117442</millis>
  <sequence>23</sequence>
  <level>START</level>
  <class>com.kms.katalon.core.logging.XmlKeywordLogger</class>
  <method>startKeyword</method>
  <thread>1</thread>
  <message>Start action : GlobalVariableHelper.addGlobalVariable(\&amp;quot;Authorization\&amp;quot;, \&amp;quot;Bearer \&amp;quot; + token)</message>
  <nestedLevel>1</nestedLevel>
  <property name="startLine">21</property>
  <property name="stepIndex">6</property>
</record>
<record>
  <date>2019-04-04T17:28:37</date>
  <millis>1554379117779</millis>
  <sequence>24</sequence>
  <level>PASSED</level>
  <class>com.kms.katalon.core.logging.XmlKeywordLogger</class>
  <method>logMessage</method>
  <thread>1</thread>
  <message>GlobalVariableHelper.addGlobalVariable is PASSED</message>
  <nestedLevel>1</nestedLevel>
</record>
<record>
  <date>2019-04-04T17:28:37</date>
  <millis>1554379117780</millis>
  <sequence>25</sequence>
  <level>END</level>
  <class>com.kms.katalon.core.logging.XmlKeywordLogger</class>
  <method>endKeyword</method>
  <thread>1</thread>
  <message>End action : GlobalVariableHelper.addGlobalVariable(\&amp;quot;Authorization\&amp;quot;, \&amp;quot;Bearer \&amp;quot; + token)</message>
  <nestedLevel>1</nestedLevel>
</record>
<record>
  <date>2019-04-04T17:28:37</date>
  <millis>1554379117781</millis>
  <sequence>26</sequence>
  <level>START</level>
  <class>com.kms.katalon.core.logging.XmlKeywordLogger</class>
  <method>startKeyword</method>
  <thread>1</thread>
  <message>Start action : Authorization = \&amp;quot;Bearer \&amp;quot; + token</message>
  <nestedLevel>1</nestedLevel>
  <property name="startLine">22</property>
  <property name="stepIndex">7</property>
</record>
<record>
  <date>2019-04-04T17:28:37</date>
  <millis>1554379117785</millis>
  <sequence>27</sequence>
  <level>END</level>
  <class>com.kms.katalon.core.logging.XmlKeywordLogger</class>
  <method>endKeyword</method>
  <thread>1</thread>
  <message>End action : Authorization = \&amp;quot;Bearer \&amp;quot; + token</message>
  <nestedLevel>1</nestedLevel>
</record>
<record>
  <date>2019-04-04T17:28:37</date>
  <millis>1554379117786</millis>
  <sequence>28</sequence>
  <level>START</level>
  <class>com.kms.katalon.core.logging.XmlKeywordLogger</class>
  <method>startKeyword</method>
  <thread>1</thread>
  <message>Start action : println(Authorization)</message>
  <nestedLevel>1</nestedLevel>
  <property name="startLine">24</property>
  <property name="stepIndex">8</property>
</record>
<record>
  <date>2019-04-04T17:28:37</date>
  <millis>1554379117805</millis>
  <sequence>29</sequence>
  <level>END</level>
  <class>com.kms.katalon.core.logging.XmlKeywordLogger</class>
  <method>endKeyword</method>
  <thread>1</thread>
  <message>End action : println(Authorization)</message>
  <nestedLevel>1</nestedLevel>
</record>
<record>
  <date>2019-04-04T17:28:37</date>
  <millis>1554379117805</millis>
  <sequence>30</sequence>
  <level>START</level>
  <class>com.kms.katalon.core.logging.XmlKeywordLogger</class>
  <method>startKeyword</method>
  <thread>1</thread>
  <message>Start action : authHeader = new com.kms.katalon.core.testobject.TestObjectProperty(Authorization, com.kms.katalon.core.testobject.ConditionType.EQUALS, (Bearer  + signInResponseBody.data.token))</message>
  <nestedLevel>1</nestedLevel>
  <property name="startLine">26</property>
  <property name="stepIndex">9</property>
</record>
<record>
  <date>2019-04-04T17:28:37</date>
  <millis>1554379117832</millis>
  <sequence>31</sequence>
  <level>END</level>
  <class>com.kms.katalon.core.logging.XmlKeywordLogger</class>
  <method>endKeyword</method>
  <thread>1</thread>
  <message>End action : authHeader = new com.kms.katalon.core.testobject.TestObjectProperty(Authorization, com.kms.katalon.core.testobject.ConditionType.EQUALS, (Bearer  + signInResponseBody.data.token))</message>
  <nestedLevel>1</nestedLevel>
</record>
<record>
  <date>2019-04-04T17:28:37</date>
  <millis>1554379117833</millis>
  <sequence>32</sequence>
  <level>START</level>
  <class>com.kms.katalon.core.logging.XmlKeywordLogger</class>
  <method>startKeyword</method>
  <thread>1</thread>
  <message>Start action : httpHeaderProperties.add(authHeader)</message>
  <nestedLevel>1</nestedLevel>
  <property name="startLine">28</property>
  <property name="stepIndex">10</property>
</record>
<record>
  <date>2019-04-04T17:28:37</date>
  <millis>1554379117858</millis>
  <sequence>33</sequence>
  <level>END</level>
  <class>com.kms.katalon.core.logging.XmlKeywordLogger</class>
  <method>endKeyword</method>
  <thread>1</thread>
  <message>End action : httpHeaderProperties.add(authHeader)</message>
  <nestedLevel>1</nestedLevel>
</record>
<record>
  <date>2019-04-04T17:28:37</date>
  <millis>1554379117859</millis>
  <sequence>34</sequence>
  <level>START</level>
  <class>com.kms.katalon.core.logging.XmlKeywordLogger</class>
  <method>startKeyword</method>
  <thread>1</thread>
  <message>Start action : Authorization = \&amp;quot;Bearer \&amp;quot; + token</message>
  <nestedLevel>1</nestedLevel>
  <property name="startLine">30</property>
  <property name="stepIndex">11</property>
</record>
<record>
  <date>2019-04-04T17:28:37</date>
  <millis>1554379117862</millis>
  <sequence>35</sequence>
  <level>END</level>
  <class>com.kms.katalon.core.logging.XmlKeywordLogger</class>
  <method>endKeyword</method>
  <thread>1</thread>
  <message>End action : Authorization = \&amp;quot;Bearer \&amp;quot; + token</message>
  <nestedLevel>1</nestedLevel>
</record>
<record>
  <date>2019-04-04T17:28:37</date>
  <millis>1554379117864</millis>
  <sequence>36</sequence>
  <level>START</level>
  <class>com.kms.katalon.core.logging.XmlKeywordLogger</class>
  <method>startKeyword</method>
  <thread>1</thread>
  <message>Start action : response = sendRequest(request)</message>
  <nestedLevel>1</nestedLevel>
  <property name="startLine">32</property>
  <property name="stepIndex">12</property>
</record>
<record>
  <date>2019-04-04T17:28:38</date>
  <millis>1554379118877</millis>
  <sequence>38</sequence>
  <level>INFO</level>
  <class>com.kms.katalon.core.logging.XmlKeywordLogger</class>
  <method>logMessage</method>
  <thread>1</thread>
  <message>HAR: C:\\Users\\srishty.rawat\\Desktop\\Default.Web\\Reports\\Get Organization List\\20190404_172827\\requests\\main\\1.har</message>
  <nestedLevel>1</nestedLevel>
  <property name="harId">d1164f78-5e81-4dd5-b4d8-aa7e9bd4008c</property>
</record>
<record>
  <date>2019-04-04T17:28:38</date>
  <millis>1554379118909</millis>
  <sequence>39</sequence>
  <level>PASSED</level>
  <class>com.kms.katalon.core.logging.XmlKeywordLogger</class>
  <method>logMessage</method>
  <thread>1</thread>
  <message>Send request successfully</message>
  <nestedLevel>1</nestedLevel>
</record>
<record>
  <date>2019-04-04T17:28:38</date>
  <millis>1554379118910</millis>
  <sequence>40</sequence>
  <level>END</level>
  <class>com.kms.katalon.core.logging.XmlKeywordLogger</class>
  <method>endKeyword</method>
  <thread>1</thread>
  <message>End action : response = sendRequest(request)</message>
  <nestedLevel>1</nestedLevel>
</record>
<record>
  <date>2019-04-04T17:28:38</date>
  <millis>1554379118911</millis>
  <sequence>41</sequence>
  <level>START</level>
  <class>com.kms.katalon.core.logging.XmlKeywordLogger</class>
  <method>startKeyword</method>
  <thread>1</thread>
  <message>Start action : verifyResponseStatusCode(response, 200)</message>
  <nestedLevel>1</nestedLevel>
  <property name="startLine">34</property>
  <property name="stepIndex">13</property>
</record>
<record>
  <date>2019-04-04T17:28:38</date>
  <millis>1554379118931</millis>
  <sequence>43</sequence>
  <level>PASSED</level>
  <class>com.kms.katalon.core.logging.XmlKeywordLogger</class>
  <method>logMessage</method>
  <thread>1</thread>
  <message>Verify response status code successfully</message>
  <nestedLevel>1</nestedLevel>
</record>
<record>
  <date>2019-04-04T17:28:38</date>
  <millis>1554379118933</millis>
  <sequence>44</sequence>
  <level>END</level>
  <class>com.kms.katalon.core.logging.XmlKeywordLogger</class>
  <method>endKeyword</method>
  <thread>1</thread>
  <message>End action : verifyResponseStatusCode(response, 200)</message>
  <nestedLevel>1</nestedLevel>
</record>
<record>
  <date>2019-04-04T17:28:38</date>
  <millis>1554379118934</millis>
  <sequence>45</sequence>
  <level>START</level>
  <class>com.kms.katalon.core.logging.XmlKeywordLogger</class>
  <method>startKeyword</method>
  <thread>1</thread>
  <message>Start action : verifyElementPropertyValue(response, \&amp;quot;isSuccess\&amp;quot;, true)</message>
  <nestedLevel>1</nestedLevel>
  <property name="startLine">36</property>
  <property name="stepIndex">14</property>
</record>
<record>
  <date>2019-04-04T17:28:38</date>
  <millis>1554379118974</millis>
  <sequence>47</sequence>
  <level>PASSED</level>
  <class>com.kms.katalon.core.logging.XmlKeywordLogger</class>
  <method>logMessage</method>
  <thread>1</thread>
  <message>Verify element property value successfully</message>
  <nestedLevel>1</nestedLevel>
</record>
<record>
  <date>2019-04-04T17:28:38</date>
  <millis>1554379118975</millis>
  <sequence>48</sequence>
  <level>END</level>
  <class>com.kms.katalon.core.logging.XmlKeywordLogger</class>
  <method>endKeyword</method>
  <thread>1</thread>
  <message>End action : verifyElementPropertyValue(response, \&amp;quot;isSuccess\&amp;quot;, true)</message>
  <nestedLevel>1</nestedLevel>
</record>
<record>
  <date>2019-04-04T17:28:38</date>
  <millis>1554379118975</millis>
  <sequence>49</sequence>
  <level>PASSED</level>
  <class>com.kms.katalon.core.logging.XmlKeywordLogger</class>
  <method>logMessage</method>
  <thread>1</thread>
  <message>Test Cases/API Test/Get Organization List/Succeed With Auth</message>
  <nestedLevel>1</nestedLevel>
</record>
<record>
  <date>2019-04-04T17:28:38</date>
  <millis>1554379118975</millis>
  <sequence>50</sequence>
  <level>END</level>
  <class>com.kms.katalon.core.logging.XmlKeywordLogger</class>
  <method>endTest</method>
  <thread>1</thread>
  <message>End Test Case : Test Cases/API Test/Get Organization List/Succeed With Auth</message>
  <nestedLevel>0</nestedLevel>
</record>
<record>
  <date>2019-04-04T17:28:38</date>
  <millis>1554379118980</millis>
  <sequence>51</sequence>
  <level>START</level>
  <class>com.kms.katalon.core.logging.XmlKeywordLogger</class>
  <method>startTest</method>
  <thread>1</thread>
  <message>Start Test Case : Test Cases/API Test/Get Organization List/Fail Without Auth</message>
  <nestedLevel>1</nestedLevel>
  <property name="name">Test Cases/API Test/Get Organization List/Fail Without Auth</property>
  <property name="description"></property>
  <property name="id">Test Cases/API Test/Get Organization List/Fail Without Auth</property>
  <property name="source">C:\\Users\\srishty.rawat\\Desktop\\Default.Web\\Test Cases\\API Test\\Get Organization List\\Fail Without Auth.tc</property>
  <property name="isOptional">false</property>
</record>
<record>
  <date>2019-04-04T17:28:39</date>
  <millis>1554379119253</millis>
  <sequence>53</sequence>
  <level>START</level>
  <class>com.kms.katalon.core.logging.XmlKeywordLogger</class>
  <method>startKeyword</method>
  <thread>1</thread>
  <message>Start action : request = findTestObject(\&amp;quot;Object Repository/Org Admin/Get Organization List\&amp;quot;)</message>
  <nestedLevel>1</nestedLevel>
  <property name="startLine">17</property>
  <property name="stepIndex">1</property>
</record>
<record>
  <date>2019-04-04T17:28:39</date>
  <millis>1554379119261</millis>
  <sequence>55</sequence>
  <level>END</level>
  <class>com.kms.katalon.core.logging.XmlKeywordLogger</class>
  <method>endKeyword</method>
  <thread>1</thread>
  <message>End action : request = findTestObject(\&amp;quot;Object Repository/Org Admin/Get Organization List\&amp;quot;)</message>
  <nestedLevel>1</nestedLevel>
</record>
<record>
  <date>2019-04-04T17:28:39</date>
  <millis>1554379119262</millis>
  <sequence>56</sequence>
  <level>START</level>
  <class>com.kms.katalon.core.logging.XmlKeywordLogger</class>
  <method>startKeyword</method>
  <thread>1</thread>
  <message>Start action : response = sendRequest(request)</message>
  <nestedLevel>1</nestedLevel>
  <property name="startLine">19</property>
  <property name="stepIndex">2</property>
</record>
<record>
  <date>2019-04-04T17:28:39</date>
  <millis>1554379119853</millis>
  <sequence>59</sequence>
  <level>INFO</level>
  <class>com.kms.katalon.core.logging.XmlKeywordLogger</class>
  <method>logMessage</method>
  <thread>1</thread>
  <message>HAR: C:\\Users\\srishty.rawat\\Desktop\\Default.Web\\Reports\\Get Organization List\\20190404_172827\\requests\\main\\2.har</message>
  <nestedLevel>1</nestedLevel>
  <property name="harId">136a97e7-26d0-41fc-ae30-feae48bd8d3a</property>
</record>
<record>
  <date>2019-04-04T17:28:39</date>
  <millis>1554379119921</millis>
  <sequence>60</sequence>
  <level>PASSED</level>
  <class>com.kms.katalon.core.logging.XmlKeywordLogger</class>
  <method>logMessage</method>
  <thread>1</thread>
  <message>Send request successfully</message>
  <nestedLevel>1</nestedLevel>
</record>
<record>
  <date>2019-04-04T17:28:39</date>
  <millis>1554379119924</millis>
  <sequence>61</sequence>
  <level>END</level>
  <class>com.kms.katalon.core.logging.XmlKeywordLogger</class>
  <method>endKeyword</method>
  <thread>1</thread>
  <message>End action : response = sendRequest(request)</message>
  <nestedLevel>1</nestedLevel>
</record>
<record>
  <date>2019-04-04T17:28:39</date>
  <millis>1554379119924</millis>
  <sequence>62</sequence>
  <level>START</level>
  <class>com.kms.katalon.core.logging.XmlKeywordLogger</class>
  <method>startKeyword</method>
  <thread>1</thread>
  <message>Start action : verifyResponseStatusCode(response, 401)</message>
  <nestedLevel>1</nestedLevel>
  <property name="startLine">21</property>
  <property name="stepIndex">3</property>
</record>
<record>
  <date>2019-04-04T17:28:39</date>
  <millis>1554379119932</millis>
  <sequence>64</sequence>
  <level>PASSED</level>
  <class>com.kms.katalon.core.logging.XmlKeywordLogger</class>
  <method>logMessage</method>
  <thread>1</thread>
  <message>Verify response status code successfully</message>
  <nestedLevel>1</nestedLevel>
</record>
<record>
  <date>2019-04-04T17:28:39</date>
  <millis>1554379119933</millis>
  <sequence>65</sequence>
  <level>END</level>
  <class>com.kms.katalon.core.logging.XmlKeywordLogger</class>
  <method>endKeyword</method>
  <thread>1</thread>
  <message>End action : verifyResponseStatusCode(response, 401)</message>
  <nestedLevel>1</nestedLevel>
</record>
<record>
  <date>2019-04-04T17:28:39</date>
  <millis>1554379119934</millis>
  <sequence>66</sequence>
  <level>PASSED</level>
  <class>com.kms.katalon.core.logging.XmlKeywordLogger</class>
  <method>logMessage</method>
  <thread>1</thread>
  <message>Test Cases/API Test/Get Organization List/Fail Without Auth</message>
  <nestedLevel>1</nestedLevel>
</record>
<record>
  <date>2019-04-04T17:28:39</date>
  <millis>1554379119934</millis>
  <sequence>67</sequence>
  <level>END</level>
  <class>com.kms.katalon.core.logging.XmlKeywordLogger</class>
  <method>endTest</method>
  <thread>1</thread>
  <message>End Test Case : Test Cases/API Test/Get Organization List/Fail Without Auth</message>
  <nestedLevel>0</nestedLevel>
</record>
<record>
  <date>2019-04-04T17:28:40</date>
  <millis>1554379120012</millis>
  <sequence>68</sequence>
  <level>END</level>
  <class>com.kms.katalon.core.logging.XmlKeywordLogger</class>
  <method>endSuite</method>
  <thread>1</thread>
  <message>End Test Suite : Test Suites/Get Organization List</message>
  <nestedLevel>0</nestedLevel>
</record>
</log>