<?xml version="1.0" encoding="UTF-8" standalone="no"?>
<!DOCTYPE log SYSTEM "logger.dtd">
<log>
<record>
  <date>2019-04-05T15:20:07</date>
  <millis>1554457807518</millis>
  <sequence>0</sequence>
  <level>START</level>
  <class>com.kms.katalon.core.logging.XmlKeywordLogger</class>
  <method>startSuite</method>
  <thread>1</thread>
  <message>Start Test Suite : Test Suites/Get Organization List</message>
  <nestedLevel>0</nestedLevel>
  <property name="name">Get Organization List</property>
  <property name="description"></property>
  <property name="id">Test Suites/Get Organization List</property>
</record>
<record>
  <date>2019-04-05T15:20:07</date>
  <millis>1554457807571</millis>
  <sequence>1</sequence>
  <level>RUN_DATA</level>
  <class>com.kms.katalon.core.logging.XmlKeywordLogger</class>
  <method>logMessage</method>
  <thread>1</thread>
  <message>hostName = srishty.rawat - CYG188.cybergindia.local</message>
  <nestedLevel>0</nestedLevel>
  <property name="hostName">srishty.rawat - CYG188.cybergindia.local</property>
</record>
<record>
  <date>2019-04-05T15:20:07</date>
  <millis>1554457807574</millis>
  <sequence>2</sequence>
  <level>RUN_DATA</level>
  <class>com.kms.katalon.core.logging.XmlKeywordLogger</class>
  <method>logMessage</method>
  <thread>1</thread>
  <message>os = Windows 10 64bit</message>
  <nestedLevel>0</nestedLevel>
  <property name="os">Windows 10 64bit</property>
</record>
<record>
  <date>2019-04-05T15:20:07</date>
  <millis>1554457807575</millis>
  <sequence>3</sequence>
  <level>RUN_DATA</level>
  <class>com.kms.katalon.core.logging.XmlKeywordLogger</class>
  <method>logMessage</method>
  <thread>1</thread>
  <message>hostAddress = 172.25.123.190</message>
  <nestedLevel>0</nestedLevel>
  <property name="hostAddress">172.25.123.190</property>
</record>
<record>
  <date>2019-04-05T15:20:07</date>
  <millis>1554457807581</millis>
  <sequence>4</sequence>
  <level>RUN_DATA</level>
  <class>com.kms.katalon.core.logging.XmlKeywordLogger</class>
  <method>logMessage</method>
  <thread>1</thread>
  <message>katalonVersion = 6.1.0.1</message>
  <nestedLevel>0</nestedLevel>
  <property name="katalonVersion">6.1.0.1</property>
</record>
<record>
  <date>2019-04-05T15:20:08</date>
  <millis>1554457808006</millis>
  <sequence>5</sequence>
  <level>START</level>
  <class>com.kms.katalon.core.logging.XmlKeywordLogger</class>
  <method>startTest</method>
  <thread>1</thread>
  <message>Start Test Case : Test Cases/API Test/Get Organization List/Succeed With Auth</message>
  <nestedLevel>1</nestedLevel>
  <property name="name">Test Cases/API Test/Get Organization List/Succeed With Auth</property>
  <property name="description"></property>
  <property name="id">Test Cases/API Test/Get Organization List/Succeed With Auth</property>
  <property name="source">C:\\Users\\srishty.rawat\\Desktop\\Default.Web\\Test Cases\\API Test\\Get Organization List\\Succeed With Auth.tc</property>
  <property name="isOptional">false</property>
</record>
<record>
  <date>2019-04-05T15:20:08</date>
  <millis>1554457808563</millis>
  <sequence>7</sequence>
  <level>START</level>
  <class>com.kms.katalon.core.logging.XmlKeywordLogger</class>
  <method>startKeyword</method>
  <thread>1</thread>
  <message>Start action : signInRequest = findTestObject(\&amp;quot;Object Repository/Auth/Sign In\&amp;quot;)</message>
  <nestedLevel>1</nestedLevel>
  <property name="startLine">11</property>
  <property name="stepIndex">1</property>
</record>
<record>
  <date>2019-04-05T15:20:08</date>
  <millis>1554457808612</millis>
  <sequence>9</sequence>
  <level>END</level>
  <class>com.kms.katalon.core.logging.XmlKeywordLogger</class>
  <method>endKeyword</method>
  <thread>1</thread>
  <message>End action : signInRequest = findTestObject(\&amp;quot;Object Repository/Auth/Sign In\&amp;quot;)</message>
  <nestedLevel>1</nestedLevel>
</record>
<record>
  <date>2019-04-05T15:20:08</date>
  <millis>1554457808613</millis>
  <sequence>10</sequence>
  <level>START</level>
  <class>com.kms.katalon.core.logging.XmlKeywordLogger</class>
  <method>startKeyword</method>
  <thread>1</thread>
  <message>Start action : signInResponse = sendRequest(signInRequest)</message>
  <nestedLevel>1</nestedLevel>
  <property name="startLine">13</property>
  <property name="stepIndex">2</property>
</record>
<record>
  <date>2019-04-05T15:20:12</date>
  <millis>1554457812281</millis>
  <sequence>13</sequence>
  <level>INFO</level>
  <class>com.kms.katalon.core.logging.XmlKeywordLogger</class>
  <method>logMessage</method>
  <thread>1</thread>
  <message>HAR: C:\\Users\\srishty.rawat\\Desktop\\Default.Web\\Reports\\Get Organization List\\20190405_152002\\requests\\main\\0.har</message>
  <nestedLevel>1</nestedLevel>
  <property name="harId">51c9ee1d-fa2c-4b91-aa46-2ca35b70210b</property>
</record>
<record>
  <date>2019-04-05T15:20:12</date>
  <millis>1554457812470</millis>
  <sequence>14</sequence>
  <level>PASSED</level>
  <class>com.kms.katalon.core.logging.XmlKeywordLogger</class>
  <method>logMessage</method>
  <thread>1</thread>
  <message>Send request successfully</message>
  <nestedLevel>1</nestedLevel>
</record>
<record>
  <date>2019-04-05T15:20:12</date>
  <millis>1554457812471</millis>
  <sequence>15</sequence>
  <level>END</level>
  <class>com.kms.katalon.core.logging.XmlKeywordLogger</class>
  <method>endKeyword</method>
  <thread>1</thread>
  <message>End action : signInResponse = sendRequest(signInRequest)</message>
  <nestedLevel>1</nestedLevel>
</record>
<record>
  <date>2019-04-05T15:20:12</date>
  <millis>1554457812471</millis>
  <sequence>16</sequence>
  <level>START</level>
  <class>com.kms.katalon.core.logging.XmlKeywordLogger</class>
  <method>startKeyword</method>
  <thread>1</thread>
  <message>Start action : request = findTestObject(\&amp;quot;Object Repository/Org Admin/Get Organization List\&amp;quot;)</message>
  <nestedLevel>1</nestedLevel>
  <property name="startLine">15</property>
  <property name="stepIndex">3</property>
</record>
<record>
  <date>2019-04-05T15:20:12</date>
  <millis>1554457812481</millis>
  <sequence>18</sequence>
  <level>END</level>
  <class>com.kms.katalon.core.logging.XmlKeywordLogger</class>
  <method>endKeyword</method>
  <thread>1</thread>
  <message>End action : request = findTestObject(\&amp;quot;Object Repository/Org Admin/Get Organization List\&amp;quot;)</message>
  <nestedLevel>1</nestedLevel>
</record>
<record>
  <date>2019-04-05T15:20:12</date>
  <millis>1554457812481</millis>
  <sequence>19</sequence>
  <level>START</level>
  <class>com.kms.katalon.core.logging.XmlKeywordLogger</class>
  <method>startKeyword</method>
  <thread>1</thread>
  <message>Start action : jsonSlurper = new groovy.json.JsonSlurper()</message>
  <nestedLevel>1</nestedLevel>
  <property name="startLine">17</property>
  <property name="stepIndex">4</property>
</record>
<record>
  <date>2019-04-05T15:20:12</date>
  <millis>1554457812490</millis>
  <sequence>20</sequence>
  <level>END</level>
  <class>com.kms.katalon.core.logging.XmlKeywordLogger</class>
  <method>endKeyword</method>
  <thread>1</thread>
  <message>End action : jsonSlurper = new groovy.json.JsonSlurper()</message>
  <nestedLevel>1</nestedLevel>
</record>
<record>
  <date>2019-04-05T15:20:12</date>
  <millis>1554457812493</millis>
  <sequence>21</sequence>
  <level>START</level>
  <class>com.kms.katalon.core.logging.XmlKeywordLogger</class>
  <method>startKeyword</method>
  <thread>1</thread>
  <message>Start action : signInResponseBody = jsonSlurper.parseText(signInResponse.getResponseBodyContent())</message>
  <nestedLevel>1</nestedLevel>
  <property name="startLine">19</property>
  <property name="stepIndex">5</property>
</record>
<record>
  <date>2019-04-05T15:20:12</date>
  <millis>1554457812543</millis>
  <sequence>22</sequence>
  <level>END</level>
  <class>com.kms.katalon.core.logging.XmlKeywordLogger</class>
  <method>endKeyword</method>
  <thread>1</thread>
  <message>End action : signInResponseBody = jsonSlurper.parseText(signInResponse.getResponseBodyContent())</message>
  <nestedLevel>1</nestedLevel>
</record>
<record>
  <date>2019-04-05T15:20:12</date>
  <millis>1554457812544</millis>
  <sequence>23</sequence>
  <level>START</level>
  <class>com.kms.katalon.core.logging.XmlKeywordLogger</class>
  <method>startKeyword</method>
  <thread>1</thread>
  <message>Start action : authHeader = new com.kms.katalon.core.testobject.TestObjectProperty(Authorization, com.kms.katalon.core.testobject.ConditionType.EQUALS, (Bearer  + signInResponseBody.data.token))</message>
  <nestedLevel>1</nestedLevel>
  <property name="startLine">26</property>
  <property name="stepIndex">6</property>
</record>
<record>
  <date>2019-04-05T15:20:12</date>
  <millis>1554457812571</millis>
  <sequence>24</sequence>
  <level>END</level>
  <class>com.kms.katalon.core.logging.XmlKeywordLogger</class>
  <method>endKeyword</method>
  <thread>1</thread>
  <message>End action : authHeader = new com.kms.katalon.core.testobject.TestObjectProperty(Authorization, com.kms.katalon.core.testobject.ConditionType.EQUALS, (Bearer  + signInResponseBody.data.token))</message>
  <nestedLevel>1</nestedLevel>
</record>
<record>
  <date>2019-04-05T15:20:12</date>
  <millis>1554457812572</millis>
  <sequence>25</sequence>
  <level>START</level>
  <class>com.kms.katalon.core.logging.XmlKeywordLogger</class>
  <method>startKeyword</method>
  <thread>1</thread>
  <message>Start action : httpHeaderProperties.add(authHeader)</message>
  <nestedLevel>1</nestedLevel>
  <property name="startLine">28</property>
  <property name="stepIndex">7</property>
</record>
<record>
  <date>2019-04-05T15:20:12</date>
  <millis>1554457812591</millis>
  <sequence>26</sequence>
  <level>END</level>
  <class>com.kms.katalon.core.logging.XmlKeywordLogger</class>
  <method>endKeyword</method>
  <thread>1</thread>
  <message>End action : httpHeaderProperties.add(authHeader)</message>
  <nestedLevel>1</nestedLevel>
</record>
<record>
  <date>2019-04-05T15:20:12</date>
  <millis>1554457812592</millis>
  <sequence>27</sequence>
  <level>START</level>
  <class>com.kms.katalon.core.logging.XmlKeywordLogger</class>
  <method>startKeyword</method>
  <thread>1</thread>
  <message>Start action : Authorization = \&amp;quot;Bearer \&amp;quot; + token</message>
  <nestedLevel>1</nestedLevel>
  <property name="startLine">30</property>
  <property name="stepIndex">8</property>
</record>
<record>
  <date>2019-04-05T15:20:12</date>
  <millis>1554457812748</millis>
  <sequence>28</sequence>
  <level>END</level>
  <class>com.kms.katalon.core.logging.XmlKeywordLogger</class>
  <method>endKeyword</method>
  <thread>1</thread>
  <message>End action : Authorization = \&amp;quot;Bearer \&amp;quot; + token</message>
  <nestedLevel>1</nestedLevel>
</record>
<record>
  <date>2019-04-05T15:20:12</date>
  <millis>1554457812749</millis>
  <sequence>29</sequence>
  <level>START</level>
  <class>com.kms.katalon.core.logging.XmlKeywordLogger</class>
  <method>startKeyword</method>
  <thread>1</thread>
  <message>Start action : response = sendRequest(request)</message>
  <nestedLevel>1</nestedLevel>
  <property name="startLine">32</property>
  <property name="stepIndex">9</property>
</record>
<record>
  <date>2019-04-05T15:20:13</date>
  <millis>1554457813705</millis>
  <sequence>31</sequence>
  <level>INFO</level>
  <class>com.kms.katalon.core.logging.XmlKeywordLogger</class>
  <method>logMessage</method>
  <thread>1</thread>
  <message>HAR: C:\\Users\\srishty.rawat\\Desktop\\Default.Web\\Reports\\Get Organization List\\20190405_152002\\requests\\main\\1.har</message>
  <nestedLevel>1</nestedLevel>
  <property name="harId">586f01c6-a500-4600-8e23-3cf0a7ec64e2</property>
</record>
<record>
  <date>2019-04-05T15:20:13</date>
  <millis>1554457813726</millis>
  <sequence>32</sequence>
  <level>PASSED</level>
  <class>com.kms.katalon.core.logging.XmlKeywordLogger</class>
  <method>logMessage</method>
  <thread>1</thread>
  <message>Send request successfully</message>
  <nestedLevel>1</nestedLevel>
</record>
<record>
  <date>2019-04-05T15:20:13</date>
  <millis>1554457813727</millis>
  <sequence>33</sequence>
  <level>END</level>
  <class>com.kms.katalon.core.logging.XmlKeywordLogger</class>
  <method>endKeyword</method>
  <thread>1</thread>
  <message>End action : response = sendRequest(request)</message>
  <nestedLevel>1</nestedLevel>
</record>
<record>
  <date>2019-04-05T15:20:13</date>
  <millis>1554457813728</millis>
  <sequence>34</sequence>
  <level>START</level>
  <class>com.kms.katalon.core.logging.XmlKeywordLogger</class>
  <method>startKeyword</method>
  <thread>1</thread>
  <message>Start action : verifyResponseStatusCode(response, 200)</message>
  <nestedLevel>1</nestedLevel>
  <property name="startLine">34</property>
  <property name="stepIndex">10</property>
</record>
<record>
  <date>2019-04-05T15:20:13</date>
  <millis>1554457813745</millis>
  <sequence>36</sequence>
  <level>PASSED</level>
  <class>com.kms.katalon.core.logging.XmlKeywordLogger</class>
  <method>logMessage</method>
  <thread>1</thread>
  <message>Verify response status code successfully</message>
  <nestedLevel>1</nestedLevel>
</record>
<record>
  <date>2019-04-05T15:20:13</date>
  <millis>1554457813746</millis>
  <sequence>37</sequence>
  <level>END</level>
  <class>com.kms.katalon.core.logging.XmlKeywordLogger</class>
  <method>endKeyword</method>
  <thread>1</thread>
  <message>End action : verifyResponseStatusCode(response, 200)</message>
  <nestedLevel>1</nestedLevel>
</record>
<record>
  <date>2019-04-05T15:20:13</date>
  <millis>1554457813748</millis>
  <sequence>38</sequence>
  <level>START</level>
  <class>com.kms.katalon.core.logging.XmlKeywordLogger</class>
  <method>startKeyword</method>
  <thread>1</thread>
  <message>Start action : verifyElementPropertyValue(response, \&amp;quot;isSuccess\&amp;quot;, true)</message>
  <nestedLevel>1</nestedLevel>
  <property name="startLine">36</property>
  <property name="stepIndex">11</property>
</record>
<record>
  <date>2019-04-05T15:20:13</date>
  <millis>1554457813806</millis>
  <sequence>40</sequence>
  <level>PASSED</level>
  <class>com.kms.katalon.core.logging.XmlKeywordLogger</class>
  <method>logMessage</method>
  <thread>1</thread>
  <message>Verify element property value successfully</message>
  <nestedLevel>1</nestedLevel>
</record>
<record>
  <date>2019-04-05T15:20:13</date>
  <millis>1554457813806</millis>
  <sequence>41</sequence>
  <level>END</level>
  <class>com.kms.katalon.core.logging.XmlKeywordLogger</class>
  <method>endKeyword</method>
  <thread>1</thread>
  <message>End action : verifyElementPropertyValue(response, \&amp;quot;isSuccess\&amp;quot;, true)</message>
  <nestedLevel>1</nestedLevel>
</record>
<record>
  <date>2019-04-05T15:20:13</date>
  <millis>1554457813806</millis>
  <sequence>42</sequence>
  <level>PASSED</level>
  <class>com.kms.katalon.core.logging.XmlKeywordLogger</class>
  <method>logMessage</method>
  <thread>1</thread>
  <message>Test Cases/API Test/Get Organization List/Succeed With Auth</message>
  <nestedLevel>1</nestedLevel>
</record>
<record>
  <date>2019-04-05T15:20:13</date>
  <millis>1554457813808</millis>
  <sequence>43</sequence>
  <level>END</level>
  <class>com.kms.katalon.core.logging.XmlKeywordLogger</class>
  <method>endTest</method>
  <thread>1</thread>
  <message>End Test Case : Test Cases/API Test/Get Organization List/Succeed With Auth</message>
  <nestedLevel>0</nestedLevel>
</record>
<record>
  <date>2019-04-05T15:20:13</date>
  <millis>1554457813815</millis>
  <sequence>44</sequence>
  <level>START</level>
  <class>com.kms.katalon.core.logging.XmlKeywordLogger</class>
  <method>startTest</method>
  <thread>1</thread>
  <message>Start Test Case : Test Cases/API Test/Get Organization List/Fail Without Auth</message>
  <nestedLevel>1</nestedLevel>
  <property name="name">Test Cases/API Test/Get Organization List/Fail Without Auth</property>
  <property name="description"></property>
  <property name="id">Test Cases/API Test/Get Organization List/Fail Without Auth</property>
  <property name="source">C:\\Users\\srishty.rawat\\Desktop\\Default.Web\\Test Cases\\API Test\\Get Organization List\\Fail Without Auth.tc</property>
  <property name="isOptional">false</property>
</record>
<record>
  <date>2019-04-05T15:20:14</date>
  <millis>1554457814339</millis>
  <sequence>46</sequence>
  <level>START</level>
  <class>com.kms.katalon.core.logging.XmlKeywordLogger</class>
  <method>startKeyword</method>
  <thread>1</thread>
  <message>Start action : request = findTestObject(\&amp;quot;Object Repository/Org Admin/Get Organization List\&amp;quot;)</message>
  <nestedLevel>1</nestedLevel>
  <property name="startLine">17</property>
  <property name="stepIndex">1</property>
</record>
<record>
  <date>2019-04-05T15:20:14</date>
  <millis>1554457814348</millis>
  <sequence>48</sequence>
  <level>END</level>
  <class>com.kms.katalon.core.logging.XmlKeywordLogger</class>
  <method>endKeyword</method>
  <thread>1</thread>
  <message>End action : request = findTestObject(\&amp;quot;Object Repository/Org Admin/Get Organization List\&amp;quot;)</message>
  <nestedLevel>1</nestedLevel>
</record>
<record>
  <date>2019-04-05T15:20:14</date>
  <millis>1554457814349</millis>
  <sequence>49</sequence>
  <level>START</level>
  <class>com.kms.katalon.core.logging.XmlKeywordLogger</class>
  <method>startKeyword</method>
  <thread>1</thread>
  <message>Start action : response = sendRequest(request)</message>
  <nestedLevel>1</nestedLevel>
  <property name="startLine">19</property>
  <property name="stepIndex">2</property>
</record>
<record>
  <date>2019-04-05T15:20:14</date>
  <millis>1554457814940</millis>
  <sequence>52</sequence>
  <level>INFO</level>
  <class>com.kms.katalon.core.logging.XmlKeywordLogger</class>
  <method>logMessage</method>
  <thread>1</thread>
  <message>HAR: C:\\Users\\srishty.rawat\\Desktop\\Default.Web\\Reports\\Get Organization List\\20190405_152002\\requests\\main\\2.har</message>
  <nestedLevel>1</nestedLevel>
  <property name="harId">a4f7369d-391f-42be-8af7-41ce4c4b1dd4</property>
</record>
<record>
  <date>2019-04-05T15:20:14</date>
  <millis>1554457814964</millis>
  <sequence>53</sequence>
  <level>PASSED</level>
  <class>com.kms.katalon.core.logging.XmlKeywordLogger</class>
  <method>logMessage</method>
  <thread>1</thread>
  <message>Send request successfully</message>
  <nestedLevel>1</nestedLevel>
</record>
<record>
  <date>2019-04-05T15:20:14</date>
  <millis>1554457814965</millis>
  <sequence>54</sequence>
  <level>END</level>
  <class>com.kms.katalon.core.logging.XmlKeywordLogger</class>
  <method>endKeyword</method>
  <thread>1</thread>
  <message>End action : response = sendRequest(request)</message>
  <nestedLevel>1</nestedLevel>
</record>
<record>
  <date>2019-04-05T15:20:14</date>
  <millis>1554457814966</millis>
  <sequence>55</sequence>
  <level>START</level>
  <class>com.kms.katalon.core.logging.XmlKeywordLogger</class>
  <method>startKeyword</method>
  <thread>1</thread>
  <message>Start action : verifyResponseStatusCode(response, 401)</message>
  <nestedLevel>1</nestedLevel>
  <property name="startLine">21</property>
  <property name="stepIndex">3</property>
</record>
<record>
  <date>2019-04-05T15:20:14</date>
  <millis>1554457814971</millis>
  <sequence>57</sequence>
  <level>PASSED</level>
  <class>com.kms.katalon.core.logging.XmlKeywordLogger</class>
  <method>logMessage</method>
  <thread>1</thread>
  <message>Verify response status code successfully</message>
  <nestedLevel>1</nestedLevel>
</record>
<record>
  <date>2019-04-05T15:20:14</date>
  <millis>1554457814972</millis>
  <sequence>58</sequence>
  <level>END</level>
  <class>com.kms.katalon.core.logging.XmlKeywordLogger</class>
  <method>endKeyword</method>
  <thread>1</thread>
  <message>End action : verifyResponseStatusCode(response, 401)</message>
  <nestedLevel>1</nestedLevel>
</record>
<record>
  <date>2019-04-05T15:20:14</date>
  <millis>1554457814972</millis>
  <sequence>59</sequence>
  <level>PASSED</level>
  <class>com.kms.katalon.core.logging.XmlKeywordLogger</class>
  <method>logMessage</method>
  <thread>1</thread>
  <message>Test Cases/API Test/Get Organization List/Fail Without Auth</message>
  <nestedLevel>1</nestedLevel>
</record>
<record>
  <date>2019-04-05T15:20:14</date>
  <millis>1554457814973</millis>
  <sequence>60</sequence>
  <level>END</level>
  <class>com.kms.katalon.core.logging.XmlKeywordLogger</class>
  <method>endTest</method>
  <thread>1</thread>
  <message>End Test Case : Test Cases/API Test/Get Organization List/Fail Without Auth</message>
  <nestedLevel>0</nestedLevel>
</record>
<record>
  <date>2019-04-05T15:20:15</date>
  <millis>1554457815101</millis>
  <sequence>61</sequence>
  <level>END</level>
  <class>com.kms.katalon.core.logging.XmlKeywordLogger</class>
  <method>endSuite</method>
  <thread>1</thread>
  <message>End Test Suite : Test Suites/Get Organization List</message>
  <nestedLevel>0</nestedLevel>
</record>
</log>